<?xml version="1.0" encoding="UTF-8"?>
<!-- Generated by org.testng.reporters.JUnitXMLReporter -->
<testsuite hostname="Daniels-MacBook-Pro.local" ignored="0" name="Default test" tests="3" failures="0" timestamp="22 May 2019 15:51:21 GMT" time="35.448" errors="0">
  <testcase name="testSwiping" time="15.758" classname="appium.appiumpractice.nativeAndroid.Test1"/>
  <testcase name="testUsingLongPressTouchActions" time="11.082" classname="appium.appiumpractice.nativeAndroid.Test1"/>
  <testcase name="testUsingTappingTouchActions" time="8.578" classname="appium.appiumpractice.nativeAndroid.Test1"/>
</testsuite> <!-- Default test -->
