<?xml version="1.0" encoding="UTF-8"?>
<!-- Generated by org.testng.reporters.JUnitXMLReporter -->
<testsuite hostname="Daniels-MacBook-Pro.local" ignored="0" name="Test" tests="1" failures="1" timestamp="11 Jun 2019 19:59:23 GMT" time="7.849" errors="0">
  <testcase name="test" time="7.815" classname="appium.appiumpractice.hybridAppAndroid.Test1">
    <failure type="org.openqa.selenium.InvalidSelectorException" message="Locator Strategy &amp;apos;css selector&amp;apos; is not supported for this session
For documentation on this error, please visit: https://www.seleniumhq.org/exceptions/invalid_selector_exception.html
Build info: version: &amp;apos;3.141.59&amp;apos;, revision: &amp;apos;e82be7d358&amp;apos;, time: &amp;apos;2018-11-14T08:17:03&amp;apos;
System info: host: &amp;apos;Daniels-MacBook-Pro.local&amp;apos;, ip: &amp;apos;fe80:0:0:0:1cbf:5719:4748:899a%en0&amp;apos;, os.name: &amp;apos;Mac OS X&amp;apos;, os.arch: &amp;apos;x86_64&amp;apos;, os.version: &amp;apos;10.13.4&amp;apos;, java.version: &amp;apos;1.8.0_191&amp;apos;
Driver info: io.appium.java_client.android.AndroidDriver
Capabilities {app: /Users/danielschonfeld/Desk..., appActivity: com.testfairy.sdk.activitie..., appPackage: com.emn8.mobilem8.nativeapp.bk, appWaitActivity: com.testfairy.sdk.activitie..., appWaitPackage: com.emn8.mobilem8.nativeapp.bk, databaseEnabled: false, desired: {app: /Users/danielschonfeld/Desk..., deviceName: MyVirtualDevice1, platformName: android}, deviceManufacturer: Google, deviceModel: Android SDK built for x86, deviceName: emulator-5554, deviceScreenSize: 1080x1920, deviceUDID: emulator-5554, javascriptEnabled: true, locationContextEnabled: false, networkConnectionEnabled: true, platform: LINUX, platformName: Android, platformVersion: 9, takesScreenshot: true, warnings: {}, webStorageEnabled: false}
Session ID: d4f9e53f-a563-403e-867d-dd6cddac2009
*** Element info: {Using=css selector, value=div[data-index=&amp;apos;1&amp;apos;]}">
      <![CDATA[org.openqa.selenium.InvalidSelectorException: Locator Strategy 'css selector' is not supported for this session
For documentation on this error, please visit: https://www.seleniumhq.org/exceptions/invalid_selector_exception.html
Build info: version: '3.141.59', revision: 'e82be7d358', time: '2018-11-14T08:17:03'
System info: host: 'Daniels-MacBook-Pro.local', ip: 'fe80:0:0:0:1cbf:5719:4748:899a%en0', os.name: 'Mac OS X', os.arch: 'x86_64', os.version: '10.13.4', java.version: '1.8.0_191'
Driver info: io.appium.java_client.android.AndroidDriver
Capabilities {app: /Users/danielschonfeld/Desk..., appActivity: com.testfairy.sdk.activitie..., appPackage: com.emn8.mobilem8.nativeapp.bk, appWaitActivity: com.testfairy.sdk.activitie..., appWaitPackage: com.emn8.mobilem8.nativeapp.bk, databaseEnabled: false, desired: {app: /Users/danielschonfeld/Desk..., deviceName: MyVirtualDevice1, platformName: android}, deviceManufacturer: Google, deviceModel: Android SDK built for x86, deviceName: emulator-5554, deviceScreenSize: 1080x1920, deviceUDID: emulator-5554, javascriptEnabled: true, locationContextEnabled: false, networkConnectionEnabled: true, platform: LINUX, platformName: Android, platformVersion: 9, takesScreenshot: true, warnings: {}, webStorageEnabled: false}
Session ID: d4f9e53f-a563-403e-867d-dd6cddac2009
*** Element info: {Using=css selector, value=div[data-index='1']}
at org.openqa.selenium.remote.http.W3CHttpResponseCodec.createException(W3CHttpResponseCodec.java:187)
at org.openqa.selenium.remote.http.W3CHttpResponseCodec.decode(W3CHttpResponseCodec.java:122)
at org.openqa.selenium.remote.http.W3CHttpResponseCodec.decode(W3CHttpResponseCodec.java:49)
at org.openqa.selenium.remote.HttpCommandExecutor.execute(HttpCommandExecutor.java:158)
at io.appium.java_client.remote.AppiumCommandExecutor.execute(AppiumCommandExecutor.java:239)
at org.openqa.selenium.remote.RemoteWebDriver.execute(RemoteWebDriver.java:552)
at io.appium.java_client.DefaultGenericMobileDriver.execute(DefaultGenericMobileDriver.java:42)
at io.appium.java_client.AppiumDriver.execute(AppiumDriver.java:1)
at io.appium.java_client.android.AndroidDriver.execute(AndroidDriver.java:1)
at org.openqa.selenium.remote.RemoteWebDriver.findElement(RemoteWebDriver.java:323)
at io.appium.java_client.DefaultGenericMobileDriver.findElement(DefaultGenericMobileDriver.java:62)
at io.appium.java_client.AppiumDriver.findElement(AppiumDriver.java:1)
at io.appium.java_client.android.AndroidDriver.findElement(AndroidDriver.java:1)
at org.openqa.selenium.remote.RemoteWebDriver.findElementByCssSelector(RemoteWebDriver.java:420)
at io.appium.java_client.DefaultGenericMobileDriver.findElementByCssSelector(DefaultGenericMobileDriver.java:139)
at io.appium.java_client.AppiumDriver.findElementByCssSelector(AppiumDriver.java:1)
at io.appium.java_client.android.AndroidDriver.findElementByCssSelector(AndroidDriver.java:1)
at org.openqa.selenium.By$ByCssSelector.findElement(By.java:431)
at org.openqa.selenium.remote.RemoteWebDriver.findElement(RemoteWebDriver.java:315)
at io.appium.java_client.DefaultGenericMobileDriver.findElement(DefaultGenericMobileDriver.java:58)
at io.appium.java_client.AppiumDriver.findElement(AppiumDriver.java:1)
at io.appium.java_client.android.AndroidDriver.findElement(AndroidDriver.java:1)
at appium.appiumpractice.hybridAppAndroid.Test1.test(Test1.java:28)
... Removed 29 stack frames]]>
    </failure>
  </testcase> <!-- test -->
</testsuite> <!-- Test -->
