<?xml version="1.0" encoding="UTF-8"?>
<!-- Generated by org.testng.reporters.JUnitXMLReporter -->
<testsuite hostname="Daniels-MacBook-Pro.local" ignored="0" name="Test" tests="2" failures="0" timestamp="21 May 2019 15:33:13 GMT" time="52.91" errors="0">
  <testcase name="testUsingLongPressTouchActions" time="33.875" classname="appium.appiumpractice.nativeAndroid.Test1"/>
  <testcase name="testUsingTappingTouchActions" time="19.008" classname="appium.appiumpractice.nativeAndroid.Test1"/>
</testsuite> <!-- Test -->
