<?xml version="1.0" encoding="UTF-8"?>
<testng-results skipped="0" failed="0" ignored="0" total="1" passed="1">
  <reporter-output>
  </reporter-output>
  <suite name="Suite" duration-ms="15927" started-at="2019-04-17T19:24:58Z" finished-at="2019-04-17T19:25:14Z">
    <groups>
    </groups>
    <test name="Test" duration-ms="15927" started-at="2019-04-17T19:24:58Z" finished-at="2019-04-17T19:25:14Z">
      <class name="appium.appiumpractice.Test1">
        <test-method status="PASS" signature="TapOnTwoTabsThenSubmitTextAndNavigateBackToHomePage()[pri:0, instance:appium.appiumpractice.Test1@6fb554cc]" name="TapOnTwoTabsThenSubmitTextAndNavigateBackToHomePage" duration-ms="15902" started-at="2019-04-17T19:24:58Z" finished-at="2019-04-17T19:25:14Z">
          <reporter-output>
          </reporter-output>
        </test-method> <!-- TapOnTwoTabsThenSubmitTextAndNavigateBackToHomePage -->
      </class> <!-- appium.appiumpractice.Test1 -->
    </test> <!-- Test -->
  </suite> <!-- Suite -->
</testng-results>
