<?xml version="1.0" encoding="UTF-8"?>
<testng-results skipped="0" failed="0" ignored="0" total="2" passed="2">
  <reporter-output>
  </reporter-output>
  <suite name="Suite" duration-ms="52910" started-at="2019-05-21T15:32:20Z" finished-at="2019-05-21T15:33:13Z">
    <groups>
    </groups>
    <test name="Test" duration-ms="52910" started-at="2019-05-21T15:32:20Z" finished-at="2019-05-21T15:33:13Z">
      <class name="appium.appiumpractice.nativeAndroid.Test1">
        <test-method status="PASS" signature="testUsingLongPressTouchActions()[pri:0, instance:appium.appiumpractice.nativeAndroid.Test1@685cb137]" name="testUsingLongPressTouchActions" duration-ms="33875" started-at="2019-05-21T15:32:20Z" finished-at="2019-05-21T15:32:54Z">
          <reporter-output>
          </reporter-output>
        </test-method> <!-- testUsingLongPressTouchActions -->
        <test-method status="PASS" signature="testUsingTappingTouchActions()[pri:0, instance:appium.appiumpractice.nativeAndroid.Test1@685cb137]" name="testUsingTappingTouchActions" duration-ms="19008" started-at="2019-05-21T15:32:54Z" finished-at="2019-05-21T15:33:13Z">
          <reporter-output>
          </reporter-output>
        </test-method> <!-- testUsingTappingTouchActions -->
      </class> <!-- appium.appiumpractice.nativeAndroid.Test1 -->
    </test> <!-- Test -->
  </suite> <!-- Suite -->
</testng-results>
