<?xml version="1.0" encoding="UTF-8"?>
<testng-results skipped="0" failed="0" ignored="0" total="9" passed="9">
  <reporter-output>
  </reporter-output>
  <suite name="Suite" duration-ms="117965" started-at="2019-05-23T16:06:37Z" finished-at="2019-05-23T16:08:35Z">
    <groups>
    </groups>
    <test name="Test" duration-ms="117965" started-at="2019-05-23T16:06:37Z" finished-at="2019-05-23T16:08:35Z">
      <class name="appium.appiumpractice.nativeAndroid.Test1">
        <test-method status="PASS" signature="testScrollingDownUntilAnElementIsVisible()[pri:0, instance:appium.appiumpractice.nativeAndroid.Test1@7d9d1a19]" name="testScrollingDownUntilAnElementIsVisible" duration-ms="30257" started-at="2019-05-23T16:06:37Z" finished-at="2019-05-23T16:07:07Z">
          <reporter-output>
          </reporter-output>
        </test-method> <!-- testScrollingDownUntilAnElementIsVisible -->
        <test-method status="PASS" signature="testSwiping()[pri:0, instance:appium.appiumpractice.nativeAndroid.Test1@7d9d1a19]" name="testSwiping" duration-ms="14301" started-at="2019-05-23T16:07:07Z" finished-at="2019-05-23T16:07:21Z">
          <reporter-output>
          </reporter-output>
        </test-method> <!-- testSwiping -->
        <test-method status="PASS" signature="testUsingAndroidUIAutomator()[pri:0, instance:appium.appiumpractice.nativeAndroid.Test1@7d9d1a19]" name="testUsingAndroidUIAutomator" duration-ms="6855" started-at="2019-05-23T16:07:21Z" finished-at="2019-05-23T16:07:28Z">
          <reporter-output>
          </reporter-output>
        </test-method> <!-- testUsingAndroidUIAutomator -->
        <test-method status="PASS" signature="testUsingClassNameAndSendKeys()[pri:0, instance:appium.appiumpractice.nativeAndroid.Test1@7d9d1a19]" name="testUsingClassNameAndSendKeys" duration-ms="16393" started-at="2019-05-23T16:07:28Z" finished-at="2019-05-23T16:07:45Z">
          <reporter-output>
          </reporter-output>
        </test-method> <!-- testUsingClassNameAndSendKeys -->
        <test-method status="PASS" signature="testUsingId()[pri:0, instance:appium.appiumpractice.nativeAndroid.Test1@7d9d1a19]" name="testUsingId" duration-ms="10494" started-at="2019-05-23T16:07:45Z" finished-at="2019-05-23T16:07:55Z">
          <reporter-output>
          </reporter-output>
        </test-method> <!-- testUsingId -->
        <test-method status="PASS" signature="testUsingLongPressTouchActions()[pri:0, instance:appium.appiumpractice.nativeAndroid.Test1@7d9d1a19]" name="testUsingLongPressTouchActions" duration-ms="11943" started-at="2019-05-23T16:07:55Z" finished-at="2019-05-23T16:08:07Z">
          <reporter-output>
          </reporter-output>
        </test-method> <!-- testUsingLongPressTouchActions -->
        <test-method status="PASS" signature="testUsingTappingTouchActions()[pri:0, instance:appium.appiumpractice.nativeAndroid.Test1@7d9d1a19]" name="testUsingTappingTouchActions" duration-ms="9396" started-at="2019-05-23T16:08:07Z" finished-at="2019-05-23T16:08:17Z">
          <reporter-output>
          </reporter-output>
        </test-method> <!-- testUsingTappingTouchActions -->
        <test-method status="PASS" signature="testUsingXpathAndTextAttributes()[pri:0, instance:appium.appiumpractice.nativeAndroid.Test1@7d9d1a19]" name="testUsingXpathAndTextAttributes" duration-ms="7969" started-at="2019-05-23T16:08:17Z" finished-at="2019-05-23T16:08:24Z">
          <reporter-output>
          </reporter-output>
        </test-method> <!-- testUsingXpathAndTextAttributes -->
        <test-method status="PASS" signature="testUsingXpathWithIndexes()[pri:0, instance:appium.appiumpractice.nativeAndroid.Test1@7d9d1a19]" name="testUsingXpathWithIndexes" duration-ms="10312" started-at="2019-05-23T16:08:24Z" finished-at="2019-05-23T16:08:35Z">
          <reporter-output>
          </reporter-output>
        </test-method> <!-- testUsingXpathWithIndexes -->
      </class> <!-- appium.appiumpractice.nativeAndroid.Test1 -->
    </test> <!-- Test -->
  </suite> <!-- Suite -->
</testng-results>
